Flow report for caudal_system_top
Thu Apr 30 00:17:41 2026
Quartus Prime Version 24.1std.0 Build 1077 03/04/2025 SC Lite Edition


---------------------
; Table of Contents ;
---------------------
  1. Legal Notice
  2. Flow Summary
  3. Flow Settings
  4. Flow Non-Default Global Settings
  5. Flow Elapsed Time
  6. Flow OS Summary
  7. Flow Log
  8. Flow Messages
  9. Flow Suppressed Messages



----------------
; Legal Notice ;
----------------
Copyright (C) 2025  Altera Corporation. All rights reserved.
Your use of Altera Corporation's design tools, logic functions 
and other software and tools, and any partner logic 
functions, and any output files from any of the foregoing 
(including device programming or simulation files), and any 
associated documentation or information are expressly subject 
to the terms and conditions of the Altera Program License 
Subscription Agreement, the Altera Quartus Prime License Agreement,
the Altera IP License Agreement, or other applicable license
agreement, including, without limitation, that your use is for
the sole purpose of programming logic devices manufactured by
Altera and sold by Altera or its authorized distributors.  Please
refer to the Altera Software License Subscription Agreements 
on the Quartus Prime software download page.



+--------------------------------------------------------------------------------------+
; Flow Summary                                                                         ;
+------------------------------------+-------------------------------------------------+
; Flow Status                        ; Successful - Thu Apr 30 00:17:41 2026           ;
; Quartus Prime Version              ; 24.1std.0 Build 1077 03/04/2025 SC Lite Edition ;
; Revision Name                      ; caudal_system_top                               ;
; Top-level Entity Name              ; caudal_system_top                               ;
; Family                             ; MAX 10                                          ;
; Device                             ; 10M08SCE144C8G                                  ;
; Timing Models                      ; Final                                           ;
; Total logic elements               ; 7,043 / 8,064 ( 87 % )                          ;
;     Total combinational functions  ; 6,998 / 8,064 ( 87 % )                          ;
;     Dedicated logic registers      ; 508 / 8,064 ( 6 % )                             ;
; Total registers                    ; 508                                             ;
; Total pins                         ; 19 / 101 ( 19 % )                               ;
; Total virtual pins                 ; 0                                               ;
; Total memory bits                  ; 0 / 387,072 ( 0 % )                             ;
; Embedded Multiplier 9-bit elements ; 18 / 48 ( 38 % )                                ;
; Total PLLs                         ; 0 / 1 ( 0 % )                                   ;
; UFM blocks                         ; 0 / 1 ( 0 % )                                   ;
; ADC blocks                         ; 0                                               ;
+------------------------------------+-------------------------------------------------+


+-----------------------------------------+
; Flow Settings                           ;
+-------------------+---------------------+
; Option            ; Setting             ;
+-------------------+---------------------+
; Start date & time ; 04/30/2026 00:16:09 ;
; Main task         ; Compilation         ;
; Revision Name     ; caudal_system_top   ;
+-------------------+---------------------+


+--------------------------------------------------------------------------------------------------------------------------------+
; Flow Non-Default Global Settings                                                                                               ;
+--------------------------------------+----------------------------------------+---------------+-------------+------------------+
; Assignment Name                      ; Value                                  ; Default Value ; Entity Name ; Section Id       ;
+--------------------------------------+----------------------------------------+---------------+-------------+------------------+
; COMPILER_SIGNATURE_ID                ; 11607428435781.177752616914840         ; --            ; --          ; --               ;
; EDA_DESIGN_INSTANCE_NAME             ; NA                                     ; --            ; --          ; tb_caudal_system ;
; EDA_NATIVELINK_SIMULATION_TEST_BENCH ; tb_caudal_system                       ; --            ; --          ; eda_simulation   ;
; EDA_OUTPUT_DATA_FORMAT               ; Systemverilog Hdl                      ; --            ; --          ; eda_simulation   ;
; EDA_SIMULATION_TOOL                  ; Questa Intel FPGA (SystemVerilog)      ; <None>        ; --          ; --               ;
; EDA_TEST_BENCH_ENABLE_STATUS         ; TEST_BENCH_MODE                        ; --            ; --          ; eda_simulation   ;
; EDA_TEST_BENCH_FILE                  ; sim/tb_caudal_system.sv                ; --            ; --          ; tb_caudal_system ;
; EDA_TEST_BENCH_MODULE_NAME           ; tb_caudal_system                       ; --            ; --          ; tb_caudal_system ;
; EDA_TEST_BENCH_NAME                  ; tb_caudal_system                       ; --            ; --          ; eda_simulation   ;
; EDA_TIME_SCALE                       ; 1 ps                                   ; --            ; --          ; eda_simulation   ;
; FLOW_ENABLE_POWER_ANALYZER           ; On                                     ; Off           ; --          ; --               ;
; MAX_CORE_JUNCTION_TEMP               ; 85                                     ; --            ; --          ; --               ;
; MIN_CORE_JUNCTION_TEMP               ; 0                                      ; --            ; --          ; --               ;
; PARTITION_COLOR                      ; -- (Not supported for targeted family) ; --            ; --          ; Top              ;
; PARTITION_FITTER_PRESERVATION_LEVEL  ; -- (Not supported for targeted family) ; --            ; --          ; Top              ;
; PARTITION_NETLIST_TYPE               ; -- (Not supported for targeted family) ; --            ; --          ; Top              ;
; POWER_BOARD_THERMAL_MODEL            ; None (CONSERVATIVE)                    ; --            ; --          ; --               ;
; POWER_DEFAULT_INPUT_IO_TOGGLE_RATE   ; 12.5 %                                 ; 12.5%         ; --          ; --               ;
; POWER_PRESET_COOLING_SOLUTION        ; 23 MM HEAT SINK WITH 200 LFPM AIRFLOW  ; --            ; --          ; --               ;
+--------------------------------------+----------------------------------------+---------------+-------------+------------------+


+--------------------------------------------------------------------------------------------------------------------------+
; Flow Elapsed Time                                                                                                        ;
+----------------------+--------------+-------------------------+---------------------+------------------------------------+
; Module Name          ; Elapsed Time ; Average Processors Used ; Peak Virtual Memory ; Total CPU Time (on all processors) ;
+----------------------+--------------+-------------------------+---------------------+------------------------------------+
; Analysis & Synthesis ; 00:00:27     ; 1.0                     ; 4868 MB             ; 00:00:44                           ;
; Fitter               ; 00:00:36     ; 1.5                     ; 5650 MB             ; 00:01:14                           ;
; Assembler            ; 00:00:02     ; 1.0                     ; 4757 MB             ; 00:00:02                           ;
; Power Analyzer       ; 00:00:11     ; 1.8                     ; 4911 MB             ; 00:00:17                           ;
; Timing Analyzer      ; 00:00:08     ; 2.2                     ; 4941 MB             ; 00:00:15                           ;
; EDA Netlist Writer   ; 00:00:02     ; 1.0                     ; 4712 MB             ; 00:00:02                           ;
; Total                ; 00:01:26     ; --                      ; --                  ; 00:02:34                           ;
+----------------------+--------------+-------------------------+---------------------+------------------------------------+


+------------------------------------------------------------------------------------+
; Flow OS Summary                                                                    ;
+----------------------+------------------+------------+------------+----------------+
; Module Name          ; Machine Hostname ; OS Name    ; OS Version ; Processor type ;
+----------------------+------------------+------------+------------+----------------+
; Analysis & Synthesis ; MirabeauEndevour ; Windows 10 ; 10.0       ; x86_64         ;
; Fitter               ; MirabeauEndevour ; Windows 10 ; 10.0       ; x86_64         ;
; Assembler            ; MirabeauEndevour ; Windows 10 ; 10.0       ; x86_64         ;
; Power Analyzer       ; MirabeauEndevour ; Windows 10 ; 10.0       ; x86_64         ;
; Timing Analyzer      ; MirabeauEndevour ; Windows 10 ; 10.0       ; x86_64         ;
; EDA Netlist Writer   ; MirabeauEndevour ; Windows 10 ; 10.0       ; x86_64         ;
+----------------------+------------------+------------+------------+----------------+


------------
; Flow Log ;
------------
quartus_map --read_settings_files=on --write_settings_files=off caudal_system_top -c caudal_system_top
quartus_fit --read_settings_files=off --write_settings_files=off caudal_system_top -c caudal_system_top
quartus_asm --read_settings_files=off --write_settings_files=off caudal_system_top -c caudal_system_top
quartus_pow --read_settings_files=off --write_settings_files=off caudal_system_top -c caudal_system_top
quartus_sta caudal_system_top -c caudal_system_top
quartus_eda --read_settings_files=off --write_settings_files=off caudal_system_top -c caudal_system_top



